D:\新建文件夹\GGAEKGKKG\GGAEKGKKG\DEBUG\DKKDK.OBJ
D:\新建文件夹\GGAEKGKKG\GGAEKGKKG\DEBUG\VC110.PDB
D:\新建文件夹\GGAEKGKKG\DEBUG\GGAEKGKKG.ILK
D:\新建文件夹\GGAEKGKKG\DEBUG\GGAEKGKKG.EXE
D:\新建文件夹\GGAEKGKKG\DEBUG\GGAEKGKKG.PDB
D:\新建文件夹\ggaekgkkg\ggaekgkkg\Debug\dkkdk.obj
D:\新建文件夹\ggaekgkkg\ggaekgkkg\Debug\cl.command.1.tlog
D:\新建文件夹\ggaekgkkg\ggaekgkkg\Debug\CL.read.1.tlog
D:\新建文件夹\ggaekgkkg\ggaekgkkg\Debug\CL.write.1.tlog
D:\新建文件夹\ggaekgkkg\ggaekgkkg\Debug\link-cvtres.read.1.tlog
D:\新建文件夹\ggaekgkkg\ggaekgkkg\Debug\link-cvtres.write.1.tlog
D:\新建文件夹\ggaekgkkg\ggaekgkkg\Debug\link-rc.read.1.tlog
D:\新建文件夹\ggaekgkkg\ggaekgkkg\Debug\link-rc.write.1.tlog
D:\新建文件夹\ggaekgkkg\ggaekgkkg\Debug\link.command.1.tlog
D:\新建文件夹\ggaekgkkg\ggaekgkkg\Debug\link.read.1.tlog
D:\新建文件夹\ggaekgkkg\ggaekgkkg\Debug\link.write.1.tlog
D:\新建文件夹\ggaekgkkg\ggaekgkkg\Debug\vc110.idb
D:\新建文件夹\ggaekgkkg\ggaekgkkg\Debug\vc110.pdb
D:\新建文件夹\ggaekgkkg\Debug\ggaekgkkg.pdb
D:\新建文件夹\ggaekgkkg\Debug\ggaekgkkg.exe
D:\新建文件夹\ggaekgkkg\Debug\ggaekgkkg.ilk
