D:\新建文件夹\FFF\FFF\DEBUG\GGG.OBJ
D:\新建文件夹\FFF\FFF\DEBUG\VC110.PDB
D:\新建文件夹\FFF\DEBUG\FFF.ILK
D:\新建文件夹\FFF\DEBUG\FFF.EXE
D:\新建文件夹\FFF\DEBUG\FFF.PDB
D:\新建文件夹\fff\fff\Debug\ggg.obj
D:\新建文件夹\fff\fff\Debug\cl.command.1.tlog
D:\新建文件夹\fff\fff\Debug\CL.read.1.tlog
D:\新建文件夹\fff\fff\Debug\CL.write.1.tlog
D:\新建文件夹\fff\fff\Debug\link-cvtres.read.1.tlog
D:\新建文件夹\fff\fff\Debug\link-cvtres.write.1.tlog
D:\新建文件夹\fff\fff\Debug\link-rc.read.1.tlog
D:\新建文件夹\fff\fff\Debug\link-rc.write.1.tlog
D:\新建文件夹\fff\fff\Debug\link.command.1.tlog
D:\新建文件夹\fff\fff\Debug\link.read.1.tlog
D:\新建文件夹\fff\fff\Debug\link.write.1.tlog
D:\新建文件夹\fff\fff\Debug\vc110.idb
D:\新建文件夹\fff\fff\Debug\vc110.pdb
D:\新建文件夹\fff\Debug\fff.pdb
D:\新建文件夹\fff\Debug\fff.exe
D:\新建文件夹\fff\Debug\fff.ilk
