D:\新建文件夹\练习\练习\DEBUG\LIANXI.OBJ
D:\新建文件夹\练习\练习\DEBUG\VC110.PDB
D:\新建文件夹\练习\DEBUG\练习.ILK
D:\新建文件夹\练习\DEBUG\练习.EXE
D:\新建文件夹\练习\DEBUG\练习.PDB
D:\新建文件夹\练习\练习\Debug\lianxi.obj
D:\新建文件夹\练习\练习\Debug\cl.command.1.tlog
D:\新建文件夹\练习\练习\Debug\CL.read.1.tlog
D:\新建文件夹\练习\练习\Debug\CL.write.1.tlog
D:\新建文件夹\练习\练习\Debug\link-cvtres.read.1.tlog
D:\新建文件夹\练习\练习\Debug\link-cvtres.write.1.tlog
D:\新建文件夹\练习\练习\Debug\link-rc.read.1.tlog
D:\新建文件夹\练习\练习\Debug\link-rc.write.1.tlog
D:\新建文件夹\练习\练习\Debug\link.command.1.tlog
D:\新建文件夹\练习\练习\Debug\link.read.1.tlog
D:\新建文件夹\练习\练习\Debug\link.write.1.tlog
D:\新建文件夹\练习\练习\Debug\vc110.idb
D:\新建文件夹\练习\练习\Debug\vc110.pdb
D:\新建文件夹\练习\Debug\练习.pdb
D:\新建文件夹\练习\Debug\练习.exe
D:\新建文件夹\练习\Debug\练习.ilk
