D:\新建文件夹\函数\函数\DEBUG\HANSHU.OBJ
D:\新建文件夹\函数\函数\DEBUG\VC110.PDB
D:\新建文件夹\函数\DEBUG\函数.ILK
D:\新建文件夹\函数\DEBUG\函数.EXE
D:\新建文件夹\函数\DEBUG\函数.PDB
D:\新建文件夹\函数\函数\Debug\hanshu.obj
D:\新建文件夹\函数\函数\Debug\cl.command.1.tlog
D:\新建文件夹\函数\函数\Debug\CL.read.1.tlog
D:\新建文件夹\函数\函数\Debug\CL.write.1.tlog
D:\新建文件夹\函数\函数\Debug\link-cvtres.read.1.tlog
D:\新建文件夹\函数\函数\Debug\link-cvtres.write.1.tlog
D:\新建文件夹\函数\函数\Debug\link-rc.read.1.tlog
D:\新建文件夹\函数\函数\Debug\link-rc.write.1.tlog
D:\新建文件夹\函数\函数\Debug\link.command.1.tlog
D:\新建文件夹\函数\函数\Debug\link.read.1.tlog
D:\新建文件夹\函数\函数\Debug\link.write.1.tlog
D:\新建文件夹\函数\函数\Debug\vc110.idb
D:\新建文件夹\函数\函数\Debug\vc110.pdb
D:\新建文件夹\函数\Debug\函数.pdb
D:\新建文件夹\函数\Debug\函数.exe
D:\新建文件夹\函数\Debug\函数.ilk
