D:\实验 静态函数库的调用\PAI序\PAI序\DEBUG\排序.OBJ
D:\实验 静态函数库的调用\PAI序\PAI序\DEBUG\VC110.PDB
D:\实验 静态函数库的调用\PAI序\DEBUG\PAI序.ILK
D:\实验 静态函数库的调用\PAI序\DEBUG\PAI序.EXE
D:\实验 静态函数库的调用\PAI序\DEBUG\PAI序.PDB
D:\实验 静态函数库的调用\pai序\pai序\Debug\排序.obj
D:\实验 静态函数库的调用\pai序\pai序\Debug\cl.command.1.tlog
D:\实验 静态函数库的调用\pai序\pai序\Debug\CL.read.1.tlog
D:\实验 静态函数库的调用\pai序\pai序\Debug\CL.write.1.tlog
D:\实验 静态函数库的调用\pai序\pai序\Debug\link-cvtres.read.1.tlog
D:\实验 静态函数库的调用\pai序\pai序\Debug\link-cvtres.write.1.tlog
D:\实验 静态函数库的调用\pai序\pai序\Debug\link-rc.read.1.tlog
D:\实验 静态函数库的调用\pai序\pai序\Debug\link-rc.write.1.tlog
D:\实验 静态函数库的调用\pai序\pai序\Debug\link.command.1.tlog
D:\实验 静态函数库的调用\pai序\pai序\Debug\link.read.1.tlog
D:\实验 静态函数库的调用\pai序\pai序\Debug\link.write.1.tlog
D:\实验 静态函数库的调用\pai序\pai序\Debug\vc110.idb
D:\实验 静态函数库的调用\pai序\pai序\Debug\vc110.pdb
D:\实验 静态函数库的调用\pai序\Debug\pai序.pdb
D:\实验 静态函数库的调用\pai序\Debug\pai序.exe
D:\实验 静态函数库的调用\pai序\Debug\pai序.ilk
